Using pre-set license
Built from '2022.3/staging' branch; Version is '2022.3.14f1 (eff2de9070d8) revision 15725278'; Using compiler version '192829333'; Build Type 'Release'
OS: 'Windows 10  (10.0.21996) 64bit CoreSingleLanguage' Language: 'en' Physical Memory: 16204 MB
BatchMode: 1, IsHumanControllingUs: 0, StartBugReporterOnCrash: 0, Is64bit: 1, IsPro: 1

COMMAND LINE ARGUMENTS:
C:\Program Files\Unity\Hub\Editor\2022.3.14f1\Editor\Unity.exe
-adb2
-batchMode
-noUpm
-name
AssetImportWorker2
-projectPath
D:/Projects/Main Projects/InventorySystem
-logFile
Logs/AssetImportWorker2.log
-srvPort
54844
Successfully changed project path to: D:/Projects/Main Projects/InventorySystem
D:/Projects/Main Projects/InventorySystem
[UnityMemory] Configuration Parameters - Can be set up in boot.config
    "memorysetup-bucket-allocator-granularity=16"
    "memorysetup-bucket-allocator-bucket-count=8"
    "memorysetup-bucket-allocator-block-size=33554432"
    "memorysetup-bucket-allocator-block-count=8"
    "memorysetup-main-allocator-block-size=16777216"
    "memorysetup-thread-allocator-block-size=16777216"
    "memorysetup-gfx-main-allocator-block-size=16777216"
    "memorysetup-gfx-thread-allocator-block-size=16777216"
    "memorysetup-cache-allocator-block-size=4194304"
    "memorysetup-typetree-allocator-block-size=2097152"
    "memorysetup-profiler-bucket-allocator-granularity=16"
    "memorysetup-profiler-bucket-allocator-bucket-count=8"
    "memorysetup-profiler-bucket-allocator-block-size=33554432"
    "memorysetup-profiler-bucket-allocator-block-count=8"
    "memorysetup-profiler-allocator-block-size=16777216"
    "memorysetup-profiler-editor-allocator-block-size=1048576"
    "memorysetup-temp-allocator-size-main=16777216"
    "memorysetup-job-temp-allocator-block-size=2097152"
    "memorysetup-job-temp-allocator-block-size-background=1048576"
    "memorysetup-job-temp-allocator-reduction-small-platforms=262144"
    "memorysetup-allocator-temp-initial-block-size-main=262144"
    "memorysetup-allocator-temp-initial-block-size-worker=262144"
    "memorysetup-temp-allocator-size-background-worker=32768"
    "memorysetup-temp-allocator-size-job-worker=262144"
    "memorysetup-temp-allocator-size-preload-manager=33554432"
    "memorysetup-temp-allocator-size-nav-mesh-worker=65536"
    "memorysetup-temp-allocator-size-audio-worker=65536"
    "memorysetup-temp-allocator-size-cloud-worker=32768"
    "memorysetup-temp-allocator-size-gi-baking-worker=262144"
    "memorysetup-temp-allocator-size-gfx=262144"
Player connection [22504] Host "[IP] 192.168.0.104 [Port] 0 [Flags] 2 [Guid] 3129209193 [EditorId] 3129209193 [Version] 1048832 [Id] WindowsEditor(7,DESKTOP-JLD0FMA) [Debug] 1 [PackageName] WindowsEditor [ProjectName] Editor" joined multi-casting on [225.0.0.222:54997]...

Player connection [22504] Host "[IP] 192.168.0.104 [Port] 0 [Flags] 2 [Guid] 3129209193 [EditorId] 3129209193 [Version] 1048832 [Id] WindowsEditor(7,DESKTOP-JLD0FMA) [Debug] 1 [PackageName] WindowsEditor [ProjectName] Editor" joined alternative multi-casting on [225.0.0.222:34997]...

[Physics::Module] Initialized MultithreadedJobDispatcher with 11 workers.
Refreshing native plugins compatible for Editor in 10.28 ms, found 3 plugins.
Preloading 0 native plugins for Editor in 0.00 ms.
Initialize engine version: 2022.3.14f1 (eff2de9070d8)
[Subsystems] Discovering subsystems at path C:/Program Files/Unity/Hub/Editor/2022.3.14f1/Editor/Data/Resources/UnitySubsystems
[Subsystems] Discovering subsystems at path D:/Projects/Main Projects/InventorySystem/Assets
GfxDevice: creating device client; threaded=0; jobified=0
Direct3D:
    Version:  Direct3D 11.0 [level 11.1]
    Renderer: NVIDIA GeForce GTX 1660 Ti (ID=0x2191)
    Vendor:   NVIDIA
    VRAM:     5966 MB
    Driver:   31.0.15.5222
Initialize mono
Mono path[0] = 'C:/Program Files/Unity/Hub/Editor/2022.3.14f1/Editor/Data/Managed'
Mono path[1] = 'C:/Program Files/Unity/Hub/Editor/2022.3.14f1/Editor/Data/MonoBleedingEdge/lib/mono/unityjit-win32'
Mono config path = 'C:/Program Files/Unity/Hub/Editor/2022.3.14f1/Editor/Data/MonoBleedingEdge/etc'
Using monoOptions --debugger-agent=transport=dt_socket,embedding=1,server=y,suspend=n,address=127.0.0.1:56648
Begin MonoManager ReloadAssembly
Registering precompiled unity dll's ...
Register platform support module: C:/Program Files/Unity/Hub/Editor/2022.3.14f1/Editor/Data/PlaybackEngines/AndroidPlayer/UnityEditor.Android.Extensions.dll
Register platform support module: C:/Program Files/Unity/Hub/Editor/2022.3.14f1/Editor/Data/PlaybackEngines/WindowsStandaloneSupport/UnityEditor.WindowsStandalone.Extensions.dll
Registered in 0.004544 seconds.
- Loaded All Assemblies, in  0.477 seconds
Native extension for WindowsStandalone target not found
Native extension for Android target not found
Android Extension - Scanning For ADB Devices 185 ms
Mono: successfully reloaded assembly
- Finished resetting the current domain, in  0.525 seconds
Domain Reload Profiling: 1002ms
	BeginReloadAssembly (174ms)
		ExecutionOrderSort (0ms)
		DisableScriptedObjects (0ms)
		BackupInstance (0ms)
		ReleaseScriptingObjects (0ms)
		CreateAndSetChildDomain (1ms)
	RebuildCommonClasses (63ms)
	RebuildNativeTypeToScriptingClass (15ms)
	initialDomainReloadingComplete (59ms)
	LoadAllAssembliesAndSetupDomain (166ms)
		LoadAssemblies (172ms)
		RebuildTransferFunctionScriptingTraits (0ms)
		AnalyzeDomain (164ms)
			TypeCache.Refresh (162ms)
				TypeCache.ScanAssembly (138ms)
			ScanForSourceGeneratedMonoScriptInfo (0ms)
			ResolveRequiredComponents (0ms)
	FinalizeReload (525ms)
		ReleaseScriptCaches (0ms)
		RebuildScriptCaches (0ms)
		SetupLoadedEditorAssemblies (462ms)
			LogAssemblyErrors (0ms)
			InitializePlatformSupportModulesInManaged (295ms)
			SetLoadedEditorAssemblies (4ms)
			RefreshPlugins (0ms)
			BeforeProcessingInitializeOnLoad (2ms)
			ProcessInitializeOnLoadAttributes (107ms)
			ProcessInitializeOnLoadMethodAttributes (54ms)
			AfterProcessingInitializeOnLoad (0ms)
			EditorAssembliesLoaded (0ms)
		ExecutionOrderSort2 (0ms)
		AwakeInstancesAfterBackupRestoration (0ms)
========================================================================
Worker process is ready to serve import requests
Begin MonoManager ReloadAssembly
- Loaded All Assemblies, in  0.683 seconds
Refreshing native plugins compatible for Editor in 5.78 ms, found 3 plugins.
Native extension for WindowsStandalone target not found
Native extension for Android target not found
Package Manager log level set to [2]
[Package Manager] Server::EnsureServerProcessIsRunning -- launch failed, reason: Unity was launched with the -noUpm command-line argument
[Package Manager] UpmClient::Send -- Unable to send message (not connected to UPM process).
[Package Manager] Cannot connect to Unity Package Manager local server
Mono: successfully reloaded assembly
- Finished resetting the current domain, in  0.707 seconds
Domain Reload Profiling: 1390ms
	BeginReloadAssembly (143ms)
		ExecutionOrderSort (0ms)
		DisableScriptedObjects (5ms)
		BackupInstance (0ms)
		ReleaseScriptingObjects (0ms)
		CreateAndSetChildDomain (24ms)
	RebuildCommonClasses (37ms)
	RebuildNativeTypeToScriptingClass (12ms)
	initialDomainReloadingComplete (38ms)
	LoadAllAssembliesAndSetupDomain (453ms)
		LoadAssemblies (278ms)
		RebuildTransferFunctionScriptingTraits (0ms)
		AnalyzeDomain (256ms)
			TypeCache.Refresh (216ms)
				TypeCache.ScanAssembly (175ms)
			ScanForSourceGeneratedMonoScriptInfo (27ms)
			ResolveRequiredComponents (11ms)
	FinalizeReload (708ms)
		ReleaseScriptCaches (0ms)
		RebuildScriptCaches (0ms)
		SetupLoadedEditorAssemblies (528ms)
			LogAssemblyErrors (0ms)
			InitializePlatformSupportModulesInManaged (21ms)
			SetLoadedEditorAssemblies (5ms)
			RefreshPlugins (0ms)
			BeforeProcessingInitializeOnLoad (84ms)
			ProcessInitializeOnLoadAttributes (345ms)
			ProcessInitializeOnLoadMethodAttributes (70ms)
			AfterProcessingInitializeOnLoad (2ms)
			EditorAssembliesLoaded (0ms)
		ExecutionOrderSort2 (0ms)
		AwakeInstancesAfterBackupRestoration (4ms)
Launched and connected shader compiler UnityShaderCompiler.exe after 0.03 seconds
Refreshing native plugins compatible for Editor in 2.22 ms, found 3 plugins.
Preloading 0 native plugins for Editor in 0.00 ms.
Unloading 5670 Unused Serialized files (Serialized files now loaded: 0)
Unloading 94 unused Assets / (467.1 KB). Loaded Objects now: 6124.
Memory consumption went from 232.7 MB to 232.3 MB.
Total: 4.929000 ms (FindLiveObjects: 0.819300 ms CreateObjectMapping: 0.594100 ms MarkObjects: 3.210300 ms  DeleteObjects: 0.304300 ms)

AssetImportParameters requested are different than current active one (requested -> active):
  custom:container-demuxer-ogg: 62fdf1f143b41e24485cea50d1cbac27 -> 
  custom:video-decoder-ogg-theora: a1e56fd34408186e4bbccfd4996cb3dc -> 
  custom:framework-win-MediaFoundation: 216162199b28c13a410421893ffa2e32 -> 
  custom:CustomObjectIndexerAttribute: a3ef5dd2817f97addfee359851a9dba5 -> 
  custom:container-demuxer-webm: 4f35f7cbe854078d1ac9338744f61a02 -> 
  custom:container-muxer-webm: aa71ff27fc2769a1b78a27578f13a17b -> 
  custom:video-decoder-webm-vp8: 9c59270c3fd7afecdb556c50c9e8de78 -> 
  custom:SearchIndexIgnoredProperties: e643bd26f0fe6173181afceb89e7c659 -> 
  custom:AudioImporter_EditorPlatform: d09bf68614088b80899f8185d706f6e7 -> 
  custom:video-encoder-webm-vp8: eb34c28f22e8b96e1ab97ce403110664 -> 
  custom:audio-decoder-ogg-vorbis: bf7c407c2cedff20999df2af8eb42d56 -> 
  custom:scripting/monoscript/fileName/ItemDatabase.cs: 8866ed563a62b4277f79d911dd3bd958 -> 
  custom:scripting/monoscript/fileName/ItemSlot.cs: 8e58d326a8baca35df9fbe6ab8e6e2b8 -> 
  custom:audio-encoder-webm-vorbis: bf7c407c2cedff20999df2af8eb42d56 -> 
========================================================================
Received Import Request.
  Time since last request: 377914.385898 seconds.
  path: Assets/UIs/PNG/glassPanel_cornerTR.png
  artifactKey: Guid(4d5c381f406e5b94aab8e31f89a49b77) Importer(815301076,1909f56bfc062723c751e8b465ee728b)
Start importing Assets/UIs/PNG/glassPanel_cornerTR.png using Guid(4d5c381f406e5b94aab8e31f89a49b77) Importer(815301076,1909f56bfc062723c751e8b465ee728b)  -> (artifact id: 'adbfec9303b5c14cb3becb96600e2af6') in 0.110815 seconds
Number of updated asset objects reloaded before import = 0
Number of asset objects unloaded after import = 3
========================================================================
Received Import Request.
  Time since last request: 0.000031 seconds.
  path: Assets/UIs/PNG/metalPanel_greenCorner.png
  artifactKey: Guid(1fafa2abdff58dc43817afe4eb454a49) Importer(815301076,1909f56bfc062723c751e8b465ee728b)
Start importing Assets/UIs/PNG/metalPanel_greenCorner.png using Guid(1fafa2abdff58dc43817afe4eb454a49) Importer(815301076,1909f56bfc062723c751e8b465ee728b)  -> (artifact id: 'aa5597aba1b4a135eabf06ab540e7416') in 0.018318 seconds
Number of updated asset objects reloaded before import = 0
Number of asset objects unloaded after import = 3
========================================================================
Received Import Request.
  Time since last request: 0.000039 seconds.
  path: Assets/UIs/PNG/metalPanel_yellowCorner.png
  artifactKey: Guid(1c6767ac13c1025498a46484b8412d10) Importer(815301076,1909f56bfc062723c751e8b465ee728b)
Start importing Assets/UIs/PNG/metalPanel_yellowCorner.png using Guid(1c6767ac13c1025498a46484b8412d10) Importer(815301076,1909f56bfc062723c751e8b465ee728b)  -> (artifact id: '203f8bb53a2e1d4f256821886414bf25') in 0.019530 seconds
Number of updated asset objects reloaded before import = 0
Number of asset objects unloaded after import = 3
========================================================================
Received Import Request.
  Time since last request: 0.000024 seconds.
  path: Assets/UIs/PNG/dotWhite.png
  artifactKey: Guid(7df1ea0400abe7f4bb73c4d0cef6e2d9) Importer(815301076,1909f56bfc062723c751e8b465ee728b)
Start importing Assets/UIs/PNG/dotWhite.png using Guid(7df1ea0400abe7f4bb73c4d0cef6e2d9) Importer(815301076,1909f56bfc062723c751e8b465ee728b)  -> (artifact id: '9c296dc88c6abf65e55c3742e6f6c8fd') in 0.016822 seconds
Number of updated asset objects reloaded before import = 0
Number of asset objects unloaded after import = 3
========================================================================
Received Import Request.
  Time since last request: 0.000029 seconds.
  path: Assets/UIs/PNG/dotYellow.png
  artifactKey: Guid(bace0456e68d14143b65857e6f87a442) Importer(815301076,1909f56bfc062723c751e8b465ee728b)
Start importing Assets/UIs/PNG/dotYellow.png using Guid(bace0456e68d14143b65857e6f87a442) Importer(815301076,1909f56bfc062723c751e8b465ee728b)  -> (artifact id: '34e9d156f1fc521f438d56707a2d6597') in 0.019767 seconds
Number of updated asset objects reloaded before import = 0
Number of asset objects unloaded after import = 3
========================================================================
Received Import Request.
  Time since last request: 0.000020 seconds.
  path: Assets/UIs/PNG/metalPanel_plate.png
  artifactKey: Guid(fbb1a0690352c2b4f94e0bde099575dd) Importer(815301076,1909f56bfc062723c751e8b465ee728b)
Start importing Assets/UIs/PNG/metalPanel_plate.png using Guid(fbb1a0690352c2b4f94e0bde099575dd) Importer(815301076,1909f56bfc062723c751e8b465ee728b)  -> (artifact id: 'f6a030adf50e58b6f03ba8ff9024faa8') in 0.012258 seconds
Number of updated asset objects reloaded before import = 0
Number of asset objects unloaded after import = 3
========================================================================
Received Import Request.
  Time since last request: 0.000020 seconds.
  path: Assets/UIs/PNG/dotGreen.png
  artifactKey: Guid(269883442d28e3640ae04479447c9c4f) Importer(815301076,1909f56bfc062723c751e8b465ee728b)
Start importing Assets/UIs/PNG/dotGreen.png using Guid(269883442d28e3640ae04479447c9c4f) Importer(815301076,1909f56bfc062723c751e8b465ee728b)  -> (artifact id: 'be12466cdfcbe548c33e1e2a85e905c8') in 0.016764 seconds
Number of updated asset objects reloaded before import = 0
Number of asset objects unloaded after import = 3
========================================================================
Received Import Request.
  Time since last request: 0.000023 seconds.
  path: Assets/UIs/PNG/glassPanel.png
  artifactKey: Guid(55ed85e5a3fb21f419113ca232a34a61) Importer(815301076,1909f56bfc062723c751e8b465ee728b)
Start importing Assets/UIs/PNG/glassPanel.png using Guid(55ed85e5a3fb21f419113ca232a34a61) Importer(815301076,1909f56bfc062723c751e8b465ee728b)  -> (artifact id: '08443403c0ecde164df60234fcd30c62') in 0.013885 seconds
Number of updated asset objects reloaded before import = 0
Number of asset objects unloaded after import = 3
========================================================================
Received Import Request.
  Time since last request: 0.000018 seconds.
  path: Assets/UIs/PNG/glassPanel_cornerBR.png
  artifactKey: Guid(ff44d76277cc855439839edc84679d2e) Importer(815301076,1909f56bfc062723c751e8b465ee728b)
Start importing Assets/UIs/PNG/glassPanel_cornerBR.png using Guid(ff44d76277cc855439839edc84679d2e) Importer(815301076,1909f56bfc062723c751e8b465ee728b)  -> (artifact id: 'e0973c5851294b24f031e78b20cc9903') in 0.017459 seconds
Number of updated asset objects reloaded before import = 0
Number of asset objects unloaded after import = 3
========================================================================
Received Import Request.
  Time since last request: 0.000014 seconds.
  path: Assets/UIs/PNG/metalPanel_green.png
  artifactKey: Guid(90817f6b267508c41b66fe6ad5b3a699) Importer(815301076,1909f56bfc062723c751e8b465ee728b)
Start importing Assets/UIs/PNG/metalPanel_green.png using Guid(90817f6b267508c41b66fe6ad5b3a699) Importer(815301076,1909f56bfc062723c751e8b465ee728b)  -> (artifact id: '5e3f8d03a9f9ff9e53d793ef28832bf6') in 0.012574 seconds
Number of updated asset objects reloaded before import = 0
Number of asset objects unloaded after import = 3
========================================================================
Received Import Request.
  Time since last request: 28.310793 seconds.
  path: Assets/UIs/PNG/glassPanel_cornerTR.png
  artifactKey: Guid(4d5c381f406e5b94aab8e31f89a49b77) Importer(815301076,1909f56bfc062723c751e8b465ee728b)
Start importing Assets/UIs/PNG/glassPanel_cornerTR.png using Guid(4d5c381f406e5b94aab8e31f89a49b77) Importer(815301076,1909f56bfc062723c751e8b465ee728b)  -> (artifact id: '18970b9f313ed189e8db5b93c66e551c') in 0.014317 seconds
Number of updated asset objects reloaded before import = 0
Number of asset objects unloaded after import = 3
========================================================================
Received Import Request.
  Time since last request: 0.013938 seconds.
  path: Assets/UIs/PNG/cursor_pointerFlat_shadow.png
  artifactKey: Guid(f4b9a32c08e05114db644743f8d1dc96) Importer(815301076,1909f56bfc062723c751e8b465ee728b)
Start importing Assets/UIs/PNG/cursor_pointerFlat_shadow.png using Guid(f4b9a32c08e05114db644743f8d1dc96) Importer(815301076,1909f56bfc062723c751e8b465ee728b)  -> (artifact id: 'c5567aaeaa75d84d75c6ffdf91a85cff') in 0.016428 seconds
Number of updated asset objects reloaded before import = 0
Number of asset objects unloaded after import = 3
========================================================================
Received Import Request.
  Time since last request: 0.000016 seconds.
  path: Assets/UIs/PNG/metalPanel_greenCorner.png
  artifactKey: Guid(1fafa2abdff58dc43817afe4eb454a49) Importer(815301076,1909f56bfc062723c751e8b465ee728b)
Start importing Assets/UIs/PNG/metalPanel_greenCorner.png using Guid(1fafa2abdff58dc43817afe4eb454a49) Importer(815301076,1909f56bfc062723c751e8b465ee728b)  -> (artifact id: 'd8545675f93be6088b83166aa32dacef') in 0.018395 seconds
Number of updated asset objects reloaded before import = 0
Number of asset objects unloaded after import = 3
========================================================================
Received Import Request.
  Time since last request: 0.000019 seconds.
  path: Assets/UIs/PNG/metalPanel.png
  artifactKey: Guid(ed4112630758c9249a93fb1273903135) Importer(815301076,1909f56bfc062723c751e8b465ee728b)
Start importing Assets/UIs/PNG/metalPanel.png using Guid(ed4112630758c9249a93fb1273903135) Importer(815301076,1909f56bfc062723c751e8b465ee728b)  -> (artifact id: '2411871c7923db21cb19c25818a93620') in 0.014207 seconds
Number of updated asset objects reloaded before import = 0
Number of asset objects unloaded after import = 3
========================================================================
Received Import Request.
  Time since last request: 0.000025 seconds.
  path: Assets/UIs/PNG/metalPanel_red.png
  artifactKey: Guid(f5d65d4aeaef32d4d81c33ff77911683) Importer(815301076,1909f56bfc062723c751e8b465ee728b)
Start importing Assets/UIs/PNG/metalPanel_red.png using Guid(f5d65d4aeaef32d4d81c33ff77911683) Importer(815301076,1909f56bfc062723c751e8b465ee728b)  -> (artifact id: '061a2cd0655a3e3837a56965a5e8645e') in 0.018845 seconds
Number of updated asset objects reloaded before import = 0
Number of asset objects unloaded after import = 3
========================================================================
Received Import Request.
  Time since last request: 0.000027 seconds.
  path: Assets/UIs/PNG/glassPanel_projection.png
  artifactKey: Guid(dd29633ac473f3947a666a26747a1b30) Importer(815301076,1909f56bfc062723c751e8b465ee728b)
Start importing Assets/UIs/PNG/glassPanel_projection.png using Guid(dd29633ac473f3947a666a26747a1b30) Importer(815301076,1909f56bfc062723c751e8b465ee728b)  -> (artifact id: '19e228cdb3f322e40ecf07deeeee8378') in 0.017794 seconds
Number of updated asset objects reloaded before import = 0
Number of asset objects unloaded after import = 3
========================================================================
Received Import Request.
  Time since last request: 0.000026 seconds.
  path: Assets/UIs/PNG/glassPanel_cornerTL.png
  artifactKey: Guid(cb743816335802c498250f928febac21) Importer(815301076,1909f56bfc062723c751e8b465ee728b)
Start importing Assets/UIs/PNG/glassPanel_cornerTL.png using Guid(cb743816335802c498250f928febac21) Importer(815301076,1909f56bfc062723c751e8b465ee728b)  -> (artifact id: '5daaa7fc46f50ad406a86166fc7a3046') in 0.016585 seconds
Number of updated asset objects reloaded before import = 0
Number of asset objects unloaded after import = 3
========================================================================
Received Import Request.
  Time since last request: 0.000021 seconds.
  path: Assets/UIs/PNG/squareYellow.png
  artifactKey: Guid(ee7a005d865324d43aad4ce28015ad28) Importer(815301076,1909f56bfc062723c751e8b465ee728b)
Start importing Assets/UIs/PNG/squareYellow.png using Guid(ee7a005d865324d43aad4ce28015ad28) Importer(815301076,1909f56bfc062723c751e8b465ee728b)  -> (artifact id: 'f6fed7a5dcdc9b42c280444a5ffe91b2') in 0.010855 seconds
Number of updated asset objects reloaded before import = 0
Number of asset objects unloaded after import = 3
========================================================================
Received Import Request.
  Time since last request: 0.000038 seconds.
  path: Assets/UIs/PNG/glassPanel.png
  artifactKey: Guid(55ed85e5a3fb21f419113ca232a34a61) Importer(815301076,1909f56bfc062723c751e8b465ee728b)
Start importing Assets/UIs/PNG/glassPanel.png using Guid(55ed85e5a3fb21f419113ca232a34a61) Importer(815301076,1909f56bfc062723c751e8b465ee728b)  -> (artifact id: '17b98e5e5939b836898bd72073068d13') in 0.013454 seconds
Number of updated asset objects reloaded before import = 0
Number of asset objects unloaded after import = 3
========================================================================
Received Import Request.
  Time since last request: 0.000021 seconds.
  path: Assets/UIs/PNG/glassPanel_cornerBR.png
  artifactKey: Guid(ff44d76277cc855439839edc84679d2e) Importer(815301076,1909f56bfc062723c751e8b465ee728b)
Start importing Assets/UIs/PNG/glassPanel_cornerBR.png using Guid(ff44d76277cc855439839edc84679d2e) Importer(815301076,1909f56bfc062723c751e8b465ee728b)  -> (artifact id: '6d6b6469b897d8ca48ee1f0f858d7f37') in 0.011900 seconds
Number of updated asset objects reloaded before import = 0
Number of asset objects unloaded after import = 3
========================================================================
Received Import Request.
  Time since last request: 0.000017 seconds.
  path: Assets/UIs/PNG/squareRed.png
  artifactKey: Guid(6aa95da7cc5d3c342b5ca237d846df1c) Importer(815301076,1909f56bfc062723c751e8b465ee728b)
Start importing Assets/UIs/PNG/squareRed.png using Guid(6aa95da7cc5d3c342b5ca237d846df1c) Importer(815301076,1909f56bfc062723c751e8b465ee728b)  -> (artifact id: '340a7c1ce6fb96dbba1ff0514c7102d1') in 0.013463 seconds
Number of updated asset objects reloaded before import = 0
Number of asset objects unloaded after import = 3
Editor requested this worker to shutdown with reason: Scaling down because of idle timeout
TcpMessagingSession - receive error
AssetImportWorkerClient::OnTransportError - code=2 error=End of file
AssetImportWorker is now disconnected from the server
Process exiting
Exiting without the bug reporter. Application will terminate with return code 0